<?xml version="1.0" encoding="UTF-8"?>
<robot generator="Robot 7.0 (Python 3.12.3 on win32)" generated="2024-05-28T11:25:36.858112" rpa="false" schemaversion="5">
<suite id="s1" name="Waits" source="C:\Users\Administrator\PycharmProjects\robotframwork\Selenium\waits.robot">
<test id="s1-t1" name="VerifyWaits" line="7">
<kw name="Open Browser" owner="SeleniumLibrary">
<msg time="2024-05-28T11:25:37.340559" level="INFO">Opening browser 'Chrome' to base url 'https://the-internet.herokuapp.com/checkboxes'.</msg>
<arg>https://the-internet.herokuapp.com/checkboxes</arg>
<arg>Chrome</arg>
<doc>Opens a new browser instance to the optional ``url``.</doc>
<status status="PASS" start="2024-05-28T11:25:37.340559" elapsed="5.183828"/>
</kw>
<kw name="Wait Until Element Is Visible" owner="SeleniumLibrary">
<arg>//h3[normalize-space()='Checkboxes']</arg>
<arg>timeout=5</arg>
<doc>Waits until the element ``locator`` is visible.</doc>
<status status="PASS" start="2024-05-28T11:25:42.525390" elapsed="0.049261"/>
</kw>
<kw name="Sleep" owner="BuiltIn">
<msg time="2024-05-28T11:25:47.575927" level="INFO">Slept 5 seconds.</msg>
<arg>5s</arg>
<doc>Pauses the test executed for the given time.</doc>
<status status="PASS" start="2024-05-28T11:25:42.575653" elapsed="5.000274"/>
</kw>
<kw name="Wait Until Page Contains Element" owner="SeleniumLibrary">
<arg>xpath://h3[normalize-space()='Checkboxes']</arg>
<arg>timeout=5</arg>
<doc>Waits until the element ``locator`` appears on the current page.</doc>
<status status="PASS" start="2024-05-28T11:25:47.577146" elapsed="0.016384"/>
</kw>
<kw name="Wait Until Element Is Enabled" owner="SeleniumLibrary">
<arg>xpath:(//h3[normalize-space()='Checkboxes'])[1]</arg>
<doc>Waits until the element ``locator`` is enabled.</doc>
<status status="PASS" start="2024-05-28T11:25:47.594558" elapsed="0.058014"/>
</kw>
<status status="PASS" start="2024-05-28T11:25:37.340559" elapsed="10.313980"/>
</test>
<status status="PASS" start="2024-05-28T11:25:36.858112" elapsed="10.799924"/>
</suite>
<statistics>
<total>
<stat pass="1" fail="0" skip="0">All Tests</stat>
</total>
<tag>
</tag>
<suite>
<stat pass="1" fail="0" skip="0" id="s1" name="Waits">Waits</stat>
</suite>
</statistics>
<errors>
</errors>
</robot>
